[2026-03-20T17:36:55.113Z] INFO: 信令服务器运行在端口 3001
[2026-03-20T17:59:35.467Z] INFO: 信令服务器运行在端口 3001
[2026-03-20T18:09:10.200Z] INFO: 信令服务器运行在端口 3001
[2026-03-20T18:11:03.124Z] INFO: 信令服务器运行在端口 3001
[2026-03-20T18:20:11.524Z] INFO: 信令服务器运行在端口 3001
[2026-03-20T18:47:12.539Z] INFO: 客户端连接: gS-boqRZC9UtahOPAAAB
[2026-03-20T18:47:12.543Z] INFO: 玩家加入: 21 (ea7d763b-ef4b-4d1c-bfa0-ba1d2491a164)
[2026-03-20T18:47:12.548Z] INFO: 房间创建: 21的房间 (9333b16e-54e0-4eb0-93bb-8e63aa789967)
[2026-03-20T18:48:31.598Z] INFO: 房间删除: 21的房间
[2026-03-20T18:48:31.598Z] INFO: 玩家断开连接: 21
[2026-03-20T18:48:34.395Z] INFO: 客户端连接: yJXq0UULdI3nIvMbAAAD
[2026-03-20T18:48:34.398Z] INFO: 玩家加入: 21 (1073f41c-982c-4875-8a17-0fa203c903cf)
[2026-03-20T18:48:34.402Z] INFO: 房间创建: 21的房间 (a7976a0f-b3e2-4c6e-a8c6-5bc7a4aefa12)
[2026-03-20T18:48:35.596Z] INFO: 房间删除: 21的房间
[2026-03-20T18:48:35.597Z] INFO: 玩家断开连接: 21
[2026-03-20T18:48:35.954Z] INFO: 客户端连接: XcbsLh4kWek6IKpXAAAF
[2026-03-20T18:48:35.958Z] INFO: 玩家加入: 21 (a9bccd90-2b1b-4a25-885a-dc8b0b115a04)
[2026-03-20T18:48:35.963Z] INFO: 房间创建: 21的房间 (b42169f4-4dfa-40b9-a9a5-5e27a78f18cc)
[2026-03-20T18:48:36.309Z] INFO: 房间删除: 21的房间
[2026-03-20T18:48:36.310Z] INFO: 玩家断开连接: 21
[2026-03-20T18:48:36.731Z] INFO: 客户端连接: GkrjFtvdCGDlTNu-AAAH
[2026-03-20T18:48:36.734Z] INFO: 玩家加入: 21 (1f3beec1-c1db-4a88-b84e-c06f7358dc8d)
[2026-03-20T18:48:36.739Z] INFO: 房间创建: 21的房间 (3433350e-0e23-4786-8f24-31c465477878)
[2026-03-20T18:48:38.372Z] INFO: 房间删除: 21的房间
[2026-03-20T18:48:38.373Z] INFO: 玩家断开连接: 21
[2026-03-20T18:48:39.213Z] INFO: 客户端连接: HmMqq4c9PGvpWU5kAAAJ
[2026-03-20T18:48:39.217Z] INFO: 玩家加入: 21 (a4179505-72bb-49a9-8d4a-63951070e509)
[2026-03-20T18:48:39.224Z] INFO: 房间创建: 21的房间 (a77dd529-1013-426e-bdc0-501f39c2cfdf)
[2026-03-20T18:48:41.181Z] INFO: 房间删除: 21的房间
[2026-03-20T18:48:41.181Z] INFO: 玩家断开连接: 21
[2026-03-20T18:48:41.588Z] INFO: 客户端连接: elj0n11DydfHr-KSAAAL
[2026-03-20T18:48:41.593Z] INFO: 玩家加入: 21 (d9a530b4-336c-458b-aad3-874537ac3c20)
[2026-03-20T18:48:41.602Z] INFO: 房间创建: 21的房间 (cddd1f27-593b-488d-9916-bda2604a5e97)
[2026-03-20T18:48:54.960Z] INFO: 房间删除: 21的房间
[2026-03-20T18:48:54.960Z] INFO: 玩家断开连接: 21
[2026-03-20T18:50:27.015Z] INFO: 信令服务器运行在端口 5050
